<?xml version="1.0" encoding="UTF-8"?>
<!-- Generated by org.testng.reporters.JUnitReportReporter -->
<testsuite hostname="DESKTOP-I97QUNF" failures="0" tests="1" name="POM.loginFunction" time="92.159" errors="0" timestamp="2024-07-17T13:03:29 IST" skipped="0">
  <testcase classname="POM.loginFunction" name="login" time="92.159"/>
</testsuite> <!-- POM.loginFunction -->
