<?xml version="1.0" encoding="UTF-8"?>
<!-- Generated by org.testng.reporters.JUnitReportReporter -->
<testsuite hostname="DESKTOP-I97QUNF" failures="0" tests="1" name="Listeners.TestCasesBasic" time="139.449" errors="0" timestamp="2024-07-17T21:52:14 IST" skipped="0">
  <testcase classname="Listeners.TestCasesBasic" name="main1" time="139.449">
    <system-out>
      <![CDATA[onTestStart
main1
onTestSuccess]]>
    </system-out>
  </testcase> <!-- main1 -->
  <system-out>
    <![CDATA[onStart
onTestStart
main1
onTestSuccess]]>
  </system-out>
</testsuite> <!-- Listeners.TestCasesBasic -->
