<?xml version="1.0" encoding="UTF-8"?>
<!-- Generated by org.testng.reporters.JUnitReportReporter -->
<testsuite hostname="DESKTOP-I97QUNF" failures="0" tests="3" name="TestNgBasics.PriorityInMultipleClasses" time="202.671" errors="0" timestamp="2024-07-09T10:56:26 IST" skipped="0">
  <testcase classname="TestNgBasics.PriorityInMultipleClasses" name="CSK" time="91.158"/>
  <testcase classname="TestNgBasics.PriorityInMultipleClasses" name="rcb" time="81.933"/>
  <testcase classname="TestNgBasics.PriorityInMultipleClasses" name="MumbaiIndians" time="29.580"/>
</testsuite> <!-- TestNgBasics.PriorityInMultipleClasses -->
