<?xml version="1.0" encoding="UTF-8"?>
<!-- Generated by org.testng.reporters.JUnitReportReporter -->
<testsuite hostname="DESKTOP-I97QUNF" failures="0" tests="5" name="TestNG1assignment.Bike" time="362.622" errors="0" timestamp="2024-07-20T10:54:21 IST" skipped="0">
  <testcase classname="TestNG1assignment.Bike" name="R15" time="151.951">
    <system-out>
      <![CDATA[R15
onTestSuccess]]>
    </system-out>
  </testcase> <!-- R15 -->
  <testcase classname="TestNG1assignment.Bike" name="karizma" time="24.404">
    <system-out>
      <![CDATA[karizma
onTestSuccess]]>
    </system-out>
  </testcase> <!-- karizma -->
  <testcase classname="TestNG1assignment.Bike" name="royalEnfield" time="30.788">
    <system-out>
      <![CDATA[royalEnfield
onTestSuccess]]>
    </system-out>
  </testcase> <!-- royalEnfield -->
  <testcase classname="TestNG1assignment.Bike" name="KTM" time="98.243">
    <system-out>
      <![CDATA[KTM
onTestSuccess]]>
    </system-out>
  </testcase> <!-- KTM -->
  <testcase classname="TestNG1assignment.Bike" name="heroHonda" time="57.236">
    <system-out>
      <![CDATA[heroHonda
onTestSuccess]]>
    </system-out>
  </testcase> <!-- heroHonda -->
  <system-out>
    <![CDATA[onStart
KTM
onTestSuccess
R15
onTestSuccess
heroHonda
onTestSuccess
karizma
onTestSuccess
royalEnfield
onTestSuccess
heroHonda
onTestSuccess
heroHonda
onTestSuccess
heroHonda
onTestSuccess]]>
  </system-out>
</testsuite> <!-- TestNG1assignment.Bike -->
