<?xml version="1.0" encoding="UTF-8"?>
<!-- Generated by org.testng.reporters.JUnitReportReporter -->
<testsuite hostname="DESKTOP-I97QUNF" failures="0" tests="2" name="ExtentReport.creatingDependencies" time="92.419" errors="0" timestamp="2024-07-29T12:07:20 IST" skipped="0">
  <testcase classname="ExtentReport.creatingDependencies" name="deleteAccount" time="50.379">
    <system-out>
      <![CDATA[Account is Deleted.....]]>
    </system-out>
  </testcase> <!-- deleteAccount -->
  <testcase classname="ExtentReport.creatingDependencies" name="createAccount" time="42.040">
    <system-out>
      <![CDATA[Account is Created....]]>
    </system-out>
  </testcase> <!-- createAccount -->
  <system-out>
    <![CDATA[Account is Created....
Account is Deleted.....]]>
  </system-out>
</testsuite> <!-- ExtentReport.creatingDependencies -->
