<?xml version="1.0" encoding="UTF-8"?>
<!-- Generated by org.testng.reporters.JUnitReportReporter -->
<testsuite hostname="DESKTOP-I97QUNF" failures="0" tests="1" name="TestNgBasics.ChronogicalAnnotation" time="0.015" errors="0" timestamp="2024-07-12T11:22:40 IST" skipped="0">
  <testcase classname="TestNgBasics.ChronogicalAnnotation" name="testCase" time="0.015"/>
</testsuite> <!-- TestNgBasics.ChronogicalAnnotation -->
