<?xml version="1.0" encoding="UTF-8"?>
<!-- Generated by org.testng.reporters.JUnitReportReporter -->
<testsuite hostname="DESKTOP-I97QUNF" failures="0" tests="1" name="TestNgAnnotations.Bike2" time="43.702" errors="0" timestamp="2024-07-20T10:54:21 IST" skipped="0">
  <testcase classname="TestNgAnnotations.Bike2" name="heroHonda" time="43.702">
    <system-out>
      <![CDATA[heroHonda
onTestSuccess]]>
    </system-out>
  </testcase> <!-- heroHonda -->
  <system-out>
    <![CDATA[onStart
KTM
onTestSuccess
R15
onTestSuccess
heroHonda
onTestSuccess
karizma
onTestSuccess
royalEnfield
onTestSuccess
heroHonda
onTestSuccess
heroHonda
onTestSuccess
heroHonda
onTestSuccess]]>
  </system-out>
</testsuite> <!-- TestNgAnnotations.Bike2 -->
