<?xml version="1.0" encoding="UTF-8"?>
<!-- Generated by org.testng.reporters.JUnitReportReporter -->
<testsuite hostname="DESKTOP-I97QUNF" failures="0" tests="1" name="Basics.StartTestNG" time="18.108" errors="0" timestamp="2024-07-08T11:58:43 IST" skipped="0">
  <testcase classname="Basics.StartTestNG" name="launch" time="18.108"/>
</testsuite> <!-- Basics.StartTestNG -->
