<?xml version="1.0" encoding="UTF-8"?>
<!-- Generated by org.testng.reporters.JUnitReportReporter -->
<testsuite hostname="DESKTOP-I97QUNF" failures="0" tests="1" name="TestNgBasics.Launch" time="0.020" errors="0" timestamp="2024-07-10T10:13:15 IST" skipped="0">
  <testcase classname="TestNgBasics.Launch" name="main" time="0.020"/>
</testsuite> <!-- TestNgBasics.Launch -->
