<?xml version="1.0" encoding="UTF-8"?>
<!-- Generated by org.testng.reporters.JUnitReportReporter -->
<testsuite hostname="DESKTOP-I97QUNF" failures="0" tests="1" name="Listeners.NetworkFailure" time="83.405" errors="0" timestamp="2024-07-20T12:17:20 IST" skipped="0">
  <testcase classname="Listeners.NetworkFailure" name="executeONeMOreTime" time="83.405"/>
</testsuite> <!-- Listeners.NetworkFailure -->
