<?xml version="1.0" encoding="UTF-8"?>
<!-- Generated by org.testng.reporters.JUnitReportReporter -->
<testsuite hostname="DESKTOP-I97QUNF" failures="0" tests="1" name="ExtentReport.sampleReport" time="5.718" errors="0" timestamp="2024-07-29T11:33:57 IST" skipped="0">
  <testcase classname="ExtentReport.sampleReport" name="BasicReport" time="5.718"/>
</testsuite> <!-- ExtentReport.sampleReport -->
